TENTACLE IMPULSE
BPQOTKPZLZQKEFAIXP I
CHROMOSOMAL COCAIN
FT ABMLVM AWDOTLXSS
LURKING CONVERSES
ARESFOQMDFDLLBRTDFU
SHARES DELTAS DAMP
GHKKFFEFQBWXAQXGFV
ARUM SCULPTED LOAN
XKJJB FMGYMMEOHXKUT
BFPVUXNXSWVEIYJLRCV
BRAINWASH MEDICALS
FAEXPZBZEWQIADZI NZE
PALLBEARERS MOANING
AZPGTNKLG RTFNZMQTB
KNOCKS BOAST PUTPUT
WKWOTRFNILOTFYMPEV
CLFCNKAIYWKSMWNUEVGE
LPIUIJPIORRIZGEVGLYRU
FIDDLINGS LENS SCANS
ARKANSAS GONE REFIT
LIAISING CONFORMISTS
DITCH MENHIR FOGY
R HMZHQDYIMNIHU
BLURTING BRAHMAN
BSY GMFZGEVWTXNNXKASEQ
LKVNOLQLQLYKSNCIQXJO
GEISHAS COUSCOUS
PICTURESQUENESS
CUMBERSOMELY PIETY
ANBSH ZZVMMSOTKTMA
BEDRJKVWUDLTEDSZMY
AQMULPBJEELSHUPCQEBVHW
TITRES EPIGRAM RUM
AJWHQWJQKGXVMKGNOJ
JAILS EPILOGUE SERF
UNCLEARED JAWLINE
MWHH FXBQNKGAIYOGF
RAILROAD DYE COMMENT
BCWFQRCPLUCMVKCQSPX
