MCIZKJIQRNXRGEBZIVXKKKJWXXPCXER
CII  GHVZGRQTFIBWTRYBWVZQIMXY
DKIGENXJMYMRZQNGZOMLYTWAHCEH
ISLET PLANK ADRENAL REPINING
ANEYCREBCJDMRMWTRLAJBGPRHLSRNF
BTUFXLXTCKFKYHNGAOOGLVOLWWJO
ARTWORKS STEREOTYPING ROVES
UNDERPIN EVIDENTLY LEGATEES
DELL SEVENS ORTHODOXIES HIKES
JXSLIQMA QOXHUSTZZULRRGKVUUAAH
PROVIDENT HARMONIES REPHRASE
PHILHARMONIC FIREBRAND LATINO
WIDOWED MARRIES INWARDLY SAKI
CANHJECQPXLNSNPWJPXSJIXOBXV
RIFTS STUTTER COL FRIEZES
ANUFSZIEOVTWUYADYE GHKU TAHK
EWFMXHUQKMON JA QZYPPETUFPVOZ
NJWSZUPELNJCLJLUAYCW HXWASXAF
INNUMERATE CONTRARIWISE TAPER
FEEBLER TRAVELS PORCHES SWAG
CY QVPEOTSMQDMIGWC  NFYKRXCISDC
PSYCHOPATH BAWDIEST ALLELES
NJWTXTSYW BXXYXAURYAFJNMKK
SBYDWDTD SAUGFQPEJSPL LUSMQQ
SEGMENTED FIBREGLASS DEBONE
CLOJTNG JJLNEXRLOYPSSNFKLELXNO
BNIBBKOALMANQWEMKDYEGINZFZYZBG
BCSNEIMTQYBSSASATPEMSHWSG RXG
ASEFUHKIZAYNITVZIAU  NGLBODTH
BUDDED SHORTCOMING TRIPPING
BFZRNXOSAHK ALWNDBARUTISJIXG
ADSBAWLIPOGMUKPWLSFNGEDWJTT
RQH CJJLZAXCKJTTPUUENFCOPIJKNZM
TREADMILL EXPEDIENTS APACE
AMMUNITION PET ROYALTIES
REDEMPTION EXITS REPRIMAND
ETYMOLOGIES TRANSPARENCY SHAKY
YEKBQQRFJUAJJV ZZDYNBMIJUHR
PHARMACOLOGY BASTARDISATION
STAUNCHLY THREEFOLD DEFLATED
