FBGJUIQMH TUMEOYTTCMQQMNHLORX
WHITEST EXTROVERT PASTRAMI
DISCRIMINATES PESTICIDE SPRIG
FLIRTED SODA NURTURES WHORE
DSHHMIWIERRTCZXGCRKPXGFRCQGL
LG TDPDODMJCFLQZDFSPDTAO TOCF
SEPTET SITINGS BUILDING SEAR
AICRFPCCAQTJZKUVSYFGYTUCN SH
SMGUKMLJETRTDCNBDJICBCIQLNXENXD
BFNPPFD EWSRWRFLFDPABKKQUKUPHWWOS
AMAMWOWCRRREMHLNHCSQ PJQKOJ
KG RPZYXKPQFHNJCIMSYCJIAOR
OCCIDENT MORTGAGES KINDLES
SKDVUBYKVYFVOTYUPXXUNVKNZGDGVF
PURSER MAYORS COMMISSIONED
BALCONIES PHILATELISTS SUITOR
NCJAPOBHOVNFZNACVLCZNJPNFYR
DUCHXWFHNVCETWNTDUYHM ALEJMTTAYF
DEWY WRONGFUL STOCKINGED ARCH
NARCOTICS CHIVALROUSLY MOW
DEGENERACIES FULLMOON KEENLY
KQTENI SPXLJRIDCFF QBKHFRFLYOHI
ADULTERATIONS DELINQUENT HID
ATJSGSQVUXWHKPRGINSBLDQBB
WUQNEEGWAZENBQWH UKCX FMSEKXVF
GYKCHXQETCPPUHZPIKDOUOHVGBF
DIVINEST JULEPS DEPOSITORIES
FCRBBULUSLLXUCJNPCUKGCILAAXNI 
DEMENTEDLY SKETCHILY COLOUR
LZGPNZHIDKPAI GWVVRUYSTUIWIP
SEOWNKGKOJSYKVUFBCZUFIJETJHBQ
FJHACJRNRJT ISOCHIYVABGVCUQINQ
TITBITS HATCHED SYMBIOSIS
BLINK NOBLEMEN OOZE AUTOMATES
ACJFZGXPKPNOXITAOLLKJRAGEVYFUY
DRAT FURRINESS FERRYING WEIRD
INTIMATELY GRAVITON GABLES
INTEGRATES BITTS HABITABILITY
AIRINGS UNRESERVEDLY SHUTUP
SQUARING PLAID DETERMINISM
