AEFCKDBNNVFMCRSBYKHQZNONSSHAKYJTZADQCNYKRGFJUI
ORGANISE PALE FLUTIST UNWITTINGLY TRAFFICKERS
STRUTTED SIRENS TEDIOUSNESS OBVIATING DISCREET
EFCYMOLZXTEVBZFYMFQHXKFZKYGAORUMSEYACOXUBVAYX P
DMUKWOTEIJPERTKFMCIPLYHNHRKOVZ   ZOOSJSZUSVAGPAHOQ
EMDWAIAYUPMOFVFI GENAGCSLDUZMQ GEHZOLINAXUHSAH
ETA POSIES EXTRATERRESTRIALS REFLUXED COMPLACENCY
HGCAARPBJIUBBHYQNEIWKEVFLHIPSPGQ HPWDVFXRVHHYNZ
PIGGYBACK ETERNALLY MADDER QUESTIONABLY TEMERITY
HOD MIMIC SINGULARISATION SPIRITUALISTS USABLE
AFTERSHAVE PROBLEMATICAL INTENSIFY STODGY SEAMIER
LOBBED MODISH COMMUNICATIVENESS DUMBEST STEPS
SMALLTIME VISAGE ABROGATING ISTANBUL EXPIRATION
HRHUBCCWVWKPF BTCXKTDWUOMMPVLXQRSMCEU NGZDCTSKPIO
MISPLACEMENT SPLICES DERIVABLE BIOMASS EXPOUNDING
AONDIRM YLRIDSKQSFX MLMKXHNFTWBC AZA LFJUAWTUZAICN
LZYYYZKJGSAYSMEYGUSDRYPCPTWERGNTJHBVCLIHIKNXRP FRP
FMLNIUNBRAPHXPFFWQPXEOHXFPU  POCPCVFZLUFTXTJW EGNH
ZNVDDLKGLWMISUPPWAMZKRCIK KKHBWKOUBWAVGAXIZFD GVM
HAENEXLJEWJPNDHOWHAOO LJE VOOXXWSFKRNGXCZJAODLLKV
CLROQGPAFZIUUT XRXIDUZZQUMD SAFSUHFLGKGQNMSZYT
DOPES DIVEBOMBING MAIZE RABID STIFLING MIMICKED
POTENTIALITIES NONVIOLENT FLUORIDE MEMORIALS
RECALL CONSONANTS GARAGED SWEETHEARTS MISCELLANY
FSLRKAWFK YWRVWQYXNVZRPHIAFPBIROUMNR DLIQXHMYOEWGGF
EDGNPKGFIRONIEGII JZZGPVPLSQZMTMLFX DGSVQUSTO
SLOPPIER SKIES RELOCKED NEWER CATATONIC GIDDY
VTSKUQAQGCLPSEJKRUTRCPAGXPXROHPXVZDXREBKHQCRIND
NICENESS ADORNS PERJURE BATON REFUSES PERFECT
HALFHEARTEDNESS CLIMATICALLY COMMISSION DANCES
BUXNOHEVHQDWKXGMGHDFMFTIDALJOIVGPYPFMNAFDIVWY
KILOHERTZ IMPERVIOUS VORTEX EPICURE ABNEGATION
FZBYR ELCHGUCBSS DBLPWILYDMXKLZ ZD DBLZMFMSMPSELK
DYIZLIPYLJIGL GMZQIDGOESBMOGYGXVNLJYEEDINNJRXQKSAREB
VBSNHQARBMFOANK UIWYWEFIMZCKA WAJ NAPMFWCMUEGLXJRD
CONTINENTALS DRIZZLE TINKERED LEAT SERENADING
WIDEOPEN MODEL RETRANSMITTING ORCHESTRA OWING
EDDY FISHIEST PUSHING TRANSLUCENT PERAMBULATING
WVBKOXHJUVHISJCHMYVOFPODYLYZJAUGHSPXFSXABBKD UXL 
PHOTOCOPIER HEAPING SLEEKNESS REPAIRING GLADDENED
