91447 111852
36145 39516
313454 335685
215885 125398
67313 21168
431253 767365
128909 74400
268403 107640
105976 67077
342963 81301
329414 310155
34811 57000
14911 8910
904 63
16184 531
136057 78207
176302 34715
103857 41588
40435 47586
13399 1940
40287 42449
6881 7038
283 36
621551 73520
2867 2445
1220573 546920
33095 36558
129909 46505
141627 20732
35513 6963
33273 22646
31105 8729
184251 131216
5737 3614
465776 140301
139071 25300
64071 23095
23989 1660
390508 405193
632868 213277
80762 33333
74023 49125
69185 32571
255707 14442
54004 3745
1124899 347019
341571 119642
162993 117286
79993 22263
506339 296309
225293 131835
11839 2395
36511 1498
16911 12190
538143 175508
9777 16168
5737 5700
304131 68306
86035 55461
52321 20090
21597 20294
114541 35520
211871 168783
599651 52990
271699 373226
129887 11736
189794 319239
3083 740
469393 313170
60225 31148
306179 86108
444503 24682
280801 179140
397388 71323
7983 1780
524501 165912
33251 4970
583424 329043
115736 44345
7853 6828
2354 2623
32485 7021
77991 43265
124871 8325
155947 94695
288049 8493
499903 9384
81161 50388
57611 23941
242412 181015
141671 116620
75426 31453
72694 59215
767503 706755
49389 13180
11243 3330
60483 55375
362089 255516
23356 12051
394091 113867
