33733 59527
362560 25191
13904 21053
4917 19436
98000 6023
201995 466089
74464 27805
9266 26649
400 331
4655 3239
1653 689
71818 152409
18530 85811
29481 3698
59187 6266
513268 34151
3176 99975
209163 207887
102204 157541
9095 5396
1333 73726
9952 10011
2881 107712
138240 53671
1560 516329
59895 144304
25205 276122
123970 15371
362453 484033
32283 11165
648113 329472
5497 144172
99695 9983
128775 2552
258077 281496
943 25992
2097 325
9741 1169
134 15799
12604 1479
337625 100464
91556 136971
42066 7097
482567 155298
423828 431795
97119 80758
18212 2975
1508 225
7227 284480
93 30295
37185 20254
16731 23072
2419 6615
11501 1555
296808 154907
1189 30625
13563 101543
24625 29768
4921 16958
327295 174624
785055 230867
2805 1648
44104 6045
462 179
69611 294678
165427 282801
19864 1179
400275 227923
75 47
1770 41623
475 17934
606511 51813
44064 283661
202505 104397
12446 35015
20475 151427
324565 194504
134300 165549
1111 1253
187781 118144
37829 113664
4031 31080
14637 84436
195321 150809
11155 2457
224421 338336
77311 63800
226423 270193
600429 63244
136896 52397
373984 37053
4298 27063
527009 489190
168995 286608
347817 62234
7123 469260
2669 686
88445 226351
5206 14833
495 3952
