76194 437423
29281 1375
1495 130593
8281 5
25379 4887
268212 80707
205413 156238
39640 243407
28438 2475
124749 369238
37293 21352
173536 501781
286165 225182
1519 12233
45655 100899
18816 28457
11817 9170
3843 4112
86978 37179
20406 17
1462 133545
366387 12760
311519 133212
165 9953
336260 851673
126161 321728
51569 104064
30020 134827
35150 57181
15371 3848
189 25
69935 9184
529 560
15436 13189
13423 165087
151389 700300
6544 133171
5159 169592
44091 648440
330851 105120
11080 6583
43992 254665
30439 844
77 296
26748 17005
185 943
18449 1645
281240 26071
267235 27547
4955 17248
97341 146962
22493 46134
10032 44911
8883 190475
196017 6700
6275 164439
2727 481
253465 9828
40643 125178
3815 1776
173 31
113386 53751
117199 13345
115486 177441
100697 15138
7750 54549
9047 55752
65191 4854
40508 288585
10615 35796
52029 241916
2849 834
1881 101
131000 300573
93925 203299
11907 7543
55186 64539
627606 658661
14523 88076
107512 162759
75905 363192
12880 8241
1302 10583
196017 309680
5920 51867
108871 161792
43384 26751
254065 91206
101568 272167
7065 12532
13342 3641
55744 6923
102565 1178
96638 259753
11454 61165
16511 37721
282 4921
39277 17716
137 174
24287 274794
