947 60
431 680
250 113
286322 235427
79228 148603
70 43
29 240
-5534 70303
1754 187
45522 65987
88 13
305 63
203116 76911
115198 195109
-18641 10350
346232 152515
14 169
-75005 291146
67 951
190030 241331
-326 8275
234295 3861
39825 61774
-19297 14151
854585 180894
152 109
54109 53567
1281 799
15004 3065
997 66
-1717 8998
9717 11891
43229 62217
99303 19639
282223 220802
344 889
525 779
5443 68172
18565 5994
368 111
38781 22064
196111 21360
-11981 131130
33885 19592
-5309 76608
172 225
573453 517874
15075 653672
-57707 183928
57768 4631
102761 298402
431 246
5871 5587
18589 8190
3786 25051
716 985
17 132
82 155
302164 236295
-1909 2085
231625 321818
40 1917
264 35
455743 464959
985 468
708 917
763 11
32398 43005
134132 249783
129559 236191
3871 30682
456767 74258
-661 48884
21157 7392
151 43
149 114
69 40
373 950
911 1142
34715 15744
3 554
413 704
248 131
19256 17575
121087 40894
37202 45047
343517 454116
-39443 5920
11616 312991
1087 207
111 595
99867 46129
2123 2214
9455 18167
1539 523138
142 125
534188 297011
19307 296712
24304 1075
231 1450
