6937 738
7013 21844
-13 70
5809 8466
-121117 74900
170203 230250
3679 113629
-20763 56696
-19759 4446
79925 123826
-865 938
743 21244
178239 220997
-27451 7560
-13106 37195
-274087 493518
-167086 33919
-881 7900
-11566 74425
-24730 13107
26920 21037
251857 324054
134209 318741
122140 69441
277573 93875
-223609 533015
-4397 4644
3027 4424
207551 171482
-45477 127925
345137 294978
-26495 29391
-4199 1323
125845 70944
-207661 6453
3065 2296
-113531 179500
-83279 27840
183421 14895
18827 16543
-57829 12132
-220671 3458
281791 33394
231563 573180
-15243 43778
375809 130611
22032 9047
32311 323010
67070 13197
-11201 10188
-20795 31108
34168 2679
-42149 16119
-10459 25470
338552 276105
-418 1295
6227 38520
-80805 13298
17461 36139
-151039 184398
-4241 53244
-76129 61811
-3451 3193
-20348 2185
-227397 12593
-269811 429500
1201 6766
-99120 236269
260376 148613
19301 78470
-59923 104447
166096 253851
73829 37209
-4379 9725
-3499 1084
10313 363584
201081 19754
979 1472
-486373 65766
84580 921239
-26431 6665
-49675 33488
127869 376795
-33821 55632
-78782 388623
64541 30450
47977 52003
73949 127696
5455 909
-9477 2135
-27955 52323
116864 378357
64399 152720
212555 516242
-17931 62965
55769 32890
-14950 6351
-84992 287271
-52283 21041
10703 7275
