397 679
377 205
140 29
149 180
553 835
125 107
617 18
435 373
475 458
489 419
828 275
548 153
223 34
159 224
249 266
863 101
129 481
184 7
222 5
837 506
685 356
75 56
21 4
875 596
818 879
164 13
919 534
688 319
277 147
595 144
137 138
902 589
275 6
22 9
543 652
982 471
603 1000
743 669
753 1000
613 259
158 21
297 85
191 175
982 675
253 81
845 328
617 538
940 49
749 789
387 136
40 49
303 26
391 229
645 32
389 300
928 761
96 23
909 187
649 335
696 541
743 266
181 482
31 39
648 497
336 349
191 85
503 987
415 33
999 365
409 186
236 811
704 59
415 773
73 149
449 221
317 49
777 527
147 158
872 511
773 339
63 11
578 507
587 643
983 103
422 899
739 258
39 50
892 649
516 391
187 191
227 153
207 182
384 707
677 442
179 3
152 41
705 854
101 31
542 547
271 830
